Determining if the pthread_create exist failed with the following output:
Change Dir: /home/zzr/semantic-SLAM/Third_Part/ORB_SLAM2/Examples/ROS/ORB_SLAM2/build/CMakeFiles/CMakeTmp

Run Build Command:"/usr/bin/make" "cmTC_5283c/fast"
/usr/bin/make -f CMakeFiles/cmTC_5283c.dir/build.make CMakeFiles/cmTC_5283c.dir/build
make[1]: Entering directory '/home/zzr/semantic-SLAM/Third_Part/ORB_SLAM2/Examples/ROS/ORB_SLAM2/build/CMakeFiles/CMakeTmp'
Building C object CMakeFiles/cmTC_5283c.dir/CheckSymbolExists.c.o
/usr/bin/cc     -o CMakeFiles/cmTC_5283c.dir/CheckSymbolExists.c.o   -c /home/zzr/semantic-SLAM/Third_Part/ORB_SLAM2/Examples/ROS/ORB_SLAM2/build/CMakeFiles/CMakeTmp/CheckSymbolExists.c
Linking C executable cmTC_5283c
/usr/bin/cmake -E cmake_link_script CMakeFiles/cmTC_5283c.dir/link.txt --verbose=1
/usr/bin/cc       CMakeFiles/cmTC_5283c.dir/CheckSymbolExists.c.o  -o cmTC_5283c -rdynamic 
CMakeFiles/cmTC_5283c.dir/CheckSymbolExists.c.o: In function `main':
CheckSymbolExists.c:(.text+0x16): undefined reference to `pthread_create'
collect2: error: ld returned 1 exit status
CMakeFiles/cmTC_5283c.dir/build.make:97: recipe for target 'cmTC_5283c' failed
make[1]: *** [cmTC_5283c] Error 1
make[1]: Leaving directory '/home/zzr/semantic-SLAM/Third_Part/ORB_SLAM2/Examples/ROS/ORB_SLAM2/build/CMakeFiles/CMakeTmp'
Makefile:126: recipe for target 'cmTC_5283c/fast' failed
make: *** [cmTC_5283c/fast] Error 2

File /home/zzr/semantic-SLAM/Third_Part/ORB_SLAM2/Examples/ROS/ORB_SLAM2/build/CMakeFiles/CMakeTmp/CheckSymbolExists.c:
/* */
#include <pthread.h>

int main(int argc, char** argv)
{
  (void)argv;
#ifndef pthread_create
  return ((int*)(&pthread_create))[argc];
#else
  (void)argc;
  return 0;
#endif
}

Determining if the function pthread_create exists in the pthreads failed with the following output:
Change Dir: /home/zzr/semantic-SLAM/Third_Part/ORB_SLAM2/Examples/ROS/ORB_SLAM2/build/CMakeFiles/CMakeTmp

Run Build Command:"/usr/bin/make" "cmTC_b0c0d/fast"
/usr/bin/make -f CMakeFiles/cmTC_b0c0d.dir/build.make CMakeFiles/cmTC_b0c0d.dir/build
make[1]: Entering directory '/home/zzr/semantic-SLAM/Third_Part/ORB_SLAM2/Examples/ROS/ORB_SLAM2/build/CMakeFiles/CMakeTmp'
Building C object CMakeFiles/cmTC_b0c0d.dir/CheckFunctionExists.c.o
/usr/bin/cc    -DCHECK_FUNCTION_EXISTS=pthread_create   -o CMakeFiles/cmTC_b0c0d.dir/CheckFunctionExists.c.o   -c /usr/share/cmake-3.5/Modules/CheckFunctionExists.c
Linking C executable cmTC_b0c0d
/usr/bin/cmake -E cmake_link_script CMakeFiles/cmTC_b0c0d.dir/link.txt --verbose=1
/usr/bin/cc   -DCHECK_FUNCTION_EXISTS=pthread_create    CMakeFiles/cmTC_b0c0d.dir/CheckFunctionExists.c.o  -o cmTC_b0c0d -rdynamic -lpthreads 
/usr/bin/ld: cannot find -lpthreads
collect2: error: ld returned 1 exit status
CMakeFiles/cmTC_b0c0d.dir/build.make:97: recipe for target 'cmTC_b0c0d' failed
make[1]: *** [cmTC_b0c0d] Error 1
make[1]: Leaving directory '/home/zzr/semantic-SLAM/Third_Part/ORB_SLAM2/Examples/ROS/ORB_SLAM2/build/CMakeFiles/CMakeTmp'
Makefile:126: recipe for target 'cmTC_b0c0d/fast' failed
make: *** [cmTC_b0c0d/fast] Error 2


